<?xml version="1.0" encoding="UTF-8"?>
<!-- Generated by org.testng.reporters.JUnitReportReporter -->
<testsuite hostname="MSI" failures="0" tests="1" name="test_scripts.Testcase01" time="0.015" errors="0" timestamp="2023-09-10T10:58:44 IST" skipped="0">
  <testcase classname="test_scripts.Testcase01" name="tc1" time="0.015">
    <system-out>
      <![CDATA[hello]]>
    </system-out>
  </testcase> <!-- tc1 -->
  <system-out>
    <![CDATA[hello]]>
  </system-out>
</testsuite> <!-- test_scripts.Testcase01 -->
